<rdf:RDF xmlns:rdf="http://www.w3.org/1999/02/22-rdf-syntax-ns#"
         xmlns:dams="http://library.ucsd.edu/ontology/dams#">
<dams:AssembledCollection rdf:about="http://library.ucsd.edu/ark:/20775/bb03030303">
    <dams:title>
      <dams:Title>
        <dams:type>main</dams:type>
        <rdf:value>UCSD Electronic Theses and Dissertations</rdf:value>
      </dams:Title>
    </dams:title>
    <dams:date>
      <dams:Date>
        <dams:beginDate>2009-05-03</dams:beginDate>
      </dams:Date>
    </dams:date>
    <dams:language rdf:resource="http://library.ucsd.edu/ark:/20775/bd0410344f"/>
    <dams:scopeContentNote rdf:resource="http://library.ucsd.edu/ark:/20775/bd1366006j"/> 
    <dams:scopeContentNote>
      <dams:ScopeContentNote>
        <rdf:value>Electronic theses and dissertations submitted by UC San Diego students as part of their degree requirements and representing all UC San Diego academic programs.</rdf:value>
        <dams:displayLabel>Scope and contents</dams:displayLabel>
        <dams:type>scope_and_content</dams:type>
      </dams:ScopeContentNote>
    </dams:scopeContentNote>      
    <dams:note rdf:resource="http://library.ucsd.edu/ark:/20775/bd52568274"/>
    <dams:note>
      <dams:Note>
        <rdf:value>Electronic theses and dissertations submitted by UC San Diego students as part of their degree requirements and representing all UC San Diego academic programs.</rdf:value>
        <dams:displayLabel>Scope and contents</dams:displayLabel>
        <dams:type>scope_and_content</dams:type>
      </dams:Note>
    </dams:note>    
    <dams:note>
      <dams:Note>
        <dams:displayLabel>ARK ID</dams:displayLabel>
        <rdf:value>http://libraries.ucsd.edu/ark:/20775/bb80808080</rdf:value>
        <dams:type>identifier</dams:type>
      </dams:Note>
    </dams:note>    
    <dams:custodialResponsibilityNote rdf:resource="http://library.ucsd.edu/ark:/20775/bd9113515d"/>
    <dams:preferredCitationNote rdf:resource="http://library.ucsd.edu/ark:/20775/bd3959888k"/>
    <dams:hasProvenanceCollection rdf:resource="http://library.ucsd.edu/ark:/20775/bb24242424"/>
    <dams:relationship>
      <dams:Relationship>
        <dams:role rdf:resource="http://library.ucsd.edu/ark:/20775/bd55639754"/>
        <dams:name rdf:resource="http://library.ucsd.edu/ark:/20775/bb08080808"/>
      </dams:Relationship>
    </dams:relationship>    
  </dams:AssembledCollection>
</rdf:RDF>
