<rdf:RDF xmlns:rdf="http://www.w3.org/1999/02/22-rdf-syntax-ns#"
         xmlns:dams="http://library.ucsd.edu/ontology/dams#"
         xmlns:mads="http://www.loc.gov/mads/rdf/v1#">
<dams:AssembledCollection rdf:about="http://library.ucsd.edu/ark:/20775/bb03030303">
    <dams:title>
      <mads:Title> 
        <mads:authoritativeLabel>UCSD Electronic Theses and Dissertations</mads:authoritativeLabel> 
        <mads:elementList rdf:parseType="Collection"> 
          <mads:MainTitleElement> 
            <mads:elementValue>UCSD Electronic Theses and Dissertations</mads:elementValue> 
          </mads:MainTitleElement> 
        </mads:elementList> 
      </mads:Title> 
    </dams:title>
    <dams:date>
      <dams:Date>
        <dams:beginDate>2009-05-03</dams:beginDate>
      </dams:Date>
    </dams:date>
    <dams:language rdf:resource="http://library.ucsd.edu/ark:/20775/bd0410344f"/>
    <dams:scopeContentNote>
      <dams:ScopeContentNote rdf:about="http://library.ucsd.edu/ark:/20775/bd1366006j">
        <rdf:value>Linked scope content note: Electronic theses and dissertations submitted by UC San Diego students as part of their degree requirements and representing all UC San Diego academic programs.</rdf:value>
        <dams:displayLabel>Scope and contents</dams:displayLabel>
        <dams:type>scope_and_content</dams:type>
      </dams:ScopeContentNote>
    </dams:scopeContentNote>      
    <dams:scopeContentNote>
      <dams:ScopeContentNote>
        <rdf:value>Inline scope content note: Electronic theses and dissertations submitted by UC San Diego students as part of their degree requirements and representing all UC San Diego academic programs.</rdf:value>
        <dams:displayLabel>Scope and contents</dams:displayLabel>
        <dams:type>scope_and_content</dams:type>
      </dams:ScopeContentNote>
    </dams:scopeContentNote>      
    <dams:note>
      <dams:Note rdf:about="http://library.ucsd.edu/ark:/20775/bd52568274">
        <rdf:value>Linked note: Electronic theses and dissertations submitted by UC San Diego students as part of their degree requirements and representing all UC San Diego academic programs.</rdf:value>
        <dams:displayLabel>Abstract</dams:displayLabel>
        <dams:type>abstract</dams:type>
      </dams:Note>
    </dams:note>
    <dams:note>
      <dams:Note>
        <rdf:value>Inline note: Electronic theses and dissertations submitted by UC San Diego students as part of their degree requirements and representing all UC San Diego academic programs.</rdf:value>
        <dams:displayLabel>Abstract</dams:displayLabel>
        <dams:type>abstract</dams:type>
      </dams:Note>
    </dams:note>
    <dams:note>
      <dams:Note>
        <dams:displayLabel>ARK ID</dams:displayLabel>
        <rdf:value>http://library.ucsd.edu/ark:/20775/bb80808080</rdf:value>
        <dams:type>identifier</dams:type>
      </dams:Note>
    </dams:note>    
    <dams:custodialResponsibilityNote>
      <dams:CustodialResponsibilityNote rdf:about="http://library.ucsd.edu/ark:/20775/bd9113515d">
        <rdf:value>Linked custodial responsibility note: Electronic theses and dissertations submitted by UC San Diego students as part of their degree requirements and representing all UC San Diego academic programs.</rdf:value>
        <dams:displayLabel>Custodial responsibility</dams:displayLabel>
        <dams:type>custodial_responsibility</dams:type>
      </dams:CustodialResponsibilityNote>
    </dams:custodialResponsibilityNote>      
    <dams:custodialResponsibilityNote>
      <dams:CustodialResponsibilityNote>
        <rdf:value>Inline custodial responsibility note: Electronic theses and dissertations submitted by UC San Diego students as part of their degree requirements and representing all UC San Diego academic programs.</rdf:value>
        <dams:displayLabel>Scope and contents</dams:displayLabel>
        <dams:type>custodial_responsibility</dams:type>
      </dams:CustodialResponsibilityNote>
    </dams:custodialResponsibilityNote>      
    <dams:preferredCitationNote>
      <dams:PreferredCitationNote rdf:about="http://library.ucsd.edu/ark:/20775/bd3959888k">
        <rdf:value>Linked preferred citation note: Electronic theses and dissertations submitted by UC San Diego students as part of their degree requirements and representing all UC San Diego academic programs.</rdf:value>
        <dams:displayLabel>Preferred citation</dams:displayLabel>
        <dams:type>preferred_citation</dams:type>
      </dams:PreferredCitationNote>
    </dams:preferredCitationNote>      
    <dams:preferredCitationNote>
      <dams:PreferredCitationNote>
        <rdf:value>Inline preferred citation note: Electronic theses and dissertations submitted by UC San Diego students as part of their degree requirements and representing all UC San Diego academic programs.</rdf:value>
        <dams:displayLabel>Preferred citation</dams:displayLabel>
        <dams:type>preferred_citation</dams:type>
      </dams:PreferredCitationNote>
    </dams:preferredCitationNote>      
    <dams:hasProvenanceCollection rdf:resource="http://library.ucsd.edu/ark:/20775/bb24242424"/>
    <dams:relationship>
      <dams:Relationship>
        <dams:role rdf:resource="http://library.ucsd.edu/ark:/20775/bd55639754"/>
        <dams:name rdf:resource="http://library.ucsd.edu/ark:/20775/bb08080808"/>
      </dams:Relationship>
    </dams:relationship>    
  </dams:AssembledCollection>
</rdf:RDF>
